<?xml version="1.0" encoding="UTF-8"?>
<testng-results skipped="0" failed="1" total="1" passed="0">
  <reporter-output>
    <line>
      <![CDATA[-----------------------------Test Started<br>]]>
    </line>
    <line>
      <![CDATA[-------Test Started------<br>]]>
    </line>
    <line>
      <![CDATA[Opening Sears Home Page with
Url: http://www.sears.com<br>]]>
    </line>
    <line>
      <![CDATA[NavigateToUSSite link was clicked<br>]]>
    </line>
    <line>
      <![CDATA[Searched for refrigerators<br>]]>
    </line>
    <line>
      <![CDATA[-----------------------------Test Ended<br>]]>
    </line>
  </reporter-output>
  <suite name="Default suite" duration-ms="37018" started-at="2016-10-08T11:00:08Z" finished-at="2016-10-08T11:00:45Z">
    <groups>
    </groups>
    <test name="Default test" duration-ms="37018" started-at="2016-10-08T11:00:08Z" finished-at="2016-10-08T11:00:45Z">
      <class name="com.sears.tests.SampleTests">
        <test-method status="PASS" signature="setup()[pri:0, instance:com.sears.tests.SampleTests@42a311]" name="setup" is-config="true" duration-ms="4741" started-at="2016-10-08T16:30:08Z" finished-at="2016-10-08T16:30:12Z">
          <reporter-output>
            <line>
              <![CDATA[-----------------------------Test Started<br>]]>
            </line>
          </reporter-output>
        </test-method> <!-- setup -->
        <test-method status="FAIL" signature="sampleTestOne()[pri:0, instance:com.sears.tests.SampleTests@42a311]" name="sampleTestOne" duration-ms="30931" started-at="2016-10-08T16:30:12Z" finished-at="2016-10-08T16:30:43Z">
          <exception class="java.lang.AssertionError">
            <message>
              <![CDATA[The search results not matched expected [Kenmore 60412 18 cu. ft. Top Freezer Refrigerator w/ Wire Shelves - White] but found [refrigerators]]]>
            </message>
            <full-stacktrace>
              <![CDATA[java.lang.AssertionError: The search results not matched expected [Kenmore 60412 18 cu. ft. Top Freezer Refrigerator w/ Wire Shelves - White] but found [refrigerators]
	at org.testng.Assert.fail(Assert.java:94)
	at org.testng.Assert.failNotEquals(Assert.java:513)
	at org.testng.Assert.assertEqualsImpl(Assert.java:135)
	at org.testng.Assert.assertEquals(Assert.java:116)
	at org.testng.Assert.assertEquals(Assert.java:190)
	at com.sears.pages.SearchResultsPage.validateSearchResults(SearchResultsPage.java:43)
	at com.sears.tests.SampleTests.sampleTestOne(SampleTests.java:20)
	at sun.reflect.NativeMethodAccessorImpl.invoke0(Native Method)
	at sun.reflect.NativeMethodAccessorImpl.invoke(NativeMethodAccessorImpl.java:62)
	at sun.reflect.DelegatingMethodAccessorImpl.invoke(DelegatingMethodAccessorImpl.java:43)
	at java.lang.reflect.Method.invoke(Method.java:498)
	at org.testng.internal.MethodInvocationHelper.invokeMethod(MethodInvocationHelper.java:86)
	at org.testng.internal.Invoker.invokeMethod(Invoker.java:643)
	at org.testng.internal.Invoker.invokeTestMethod(Invoker.java:820)
	at org.testng.internal.Invoker.invokeTestMethods(Invoker.java:1128)
	at org.testng.internal.TestMethodWorker.invokeTestMethods(TestMethodWorker.java:129)
	at org.testng.internal.TestMethodWorker.run(TestMethodWorker.java:112)
	at org.testng.TestRunner.privateRun(TestRunner.java:782)
	at org.testng.TestRunner.run(TestRunner.java:632)
	at org.testng.SuiteRunner.runTest(SuiteRunner.java:366)
	at org.testng.SuiteRunner.runSequentially(SuiteRunner.java:361)
	at org.testng.SuiteRunner.privateRun(SuiteRunner.java:319)
	at org.testng.SuiteRunner.run(SuiteRunner.java:268)
	at org.testng.SuiteRunnerWorker.runSuite(SuiteRunnerWorker.java:52)
	at org.testng.SuiteRunnerWorker.run(SuiteRunnerWorker.java:86)
	at org.testng.TestNG.runSuitesSequentially(TestNG.java:1244)
	at org.testng.TestNG.runSuitesLocally(TestNG.java:1169)
	at org.testng.TestNG.run(TestNG.java:1064)
	at org.testng.remote.AbstractRemoteTestNG.run(AbstractRemoteTestNG.java:126)
	at org.testng.remote.RemoteTestNG.initAndRun(RemoteTestNG.java:152)
	at org.testng.remote.RemoteTestNG.main(RemoteTestNG.java:57)
]]>
            </full-stacktrace>
          </exception> <!-- java.lang.AssertionError -->
          <reporter-output>
            <line>
              <![CDATA[-------Test Started------<br>]]>
            </line>
            <line>
              <![CDATA[Opening Sears Home Page with
Url: http://www.sears.com<br>]]>
            </line>
            <line>
              <![CDATA[NavigateToUSSite link was clicked<br>]]>
            </line>
            <line>
              <![CDATA[Searched for refrigerators<br>]]>
            </line>
          </reporter-output>
        </test-method> <!-- sampleTestOne -->
        <test-method status="PASS" signature="close()[pri:0, instance:com.sears.tests.SampleTests@42a311]" name="close" is-config="true" duration-ms="1279" started-at="2016-10-08T16:30:43Z" finished-at="2016-10-08T16:30:45Z">
          <reporter-output>
            <line>
              <![CDATA[-----------------------------Test Ended<br>]]>
            </line>
          </reporter-output>
        </test-method> <!-- close -->
      </class> <!-- com.sears.tests.SampleTests -->
    </test> <!-- Default test -->
  </suite> <!-- Default suite -->
</testng-results>
